[22:33:55] [main/INFO]: Setting user: Player453
[22:33:56] [Client thread/INFO]: LWJGL Version: 2.9.1
[22:34:02] [Client thread/INFO]: Reloading ResourceManager: Default, FMLFileResourcePack:Forge Mod Loader, FMLFileResourcePack:Minecraft Forge, FMLFileResourcePack:Reality
[22:34:03] [Sound Library Loader/INFO]: Sound engine started
[22:34:04] [Client thread/ERROR]: Using missing texture, unable to load reality:textures/blocks/tile.block_pure_gold.png
java.io.FileNotFoundException: reality:textures/blocks/tile.block_pure_gold.png
	at net.minecraft.client.resources.FallbackResourceManager.getResource(FallbackResourceManager.java:65) ~[FallbackResourceManager.class:?]
	at net.minecraft.client.resources.SimpleReloadableResourceManager.getResource(SimpleReloadableResourceManager.java:67) ~[SimpleReloadableResourceManager.class:?]
	at net.minecraft.client.renderer.texture.TextureMap.loadTextureAtlas(TextureMap.java:126) [TextureMap.class:?]
	at net.minecraft.client.renderer.texture.TextureMap.loadTexture(TextureMap.java:91) [TextureMap.class:?]
	at net.minecraft.client.renderer.texture.TextureManager.loadTexture(TextureManager.java:89) [TextureManager.class:?]
	at net.minecraft.client.renderer.texture.TextureManager.loadTickableTexture(TextureManager.java:71) [TextureManager.class:?]
	at net.minecraft.client.renderer.texture.TextureManager.loadTextureMap(TextureManager.java:58) [TextureManager.class:?]
	at net.minecraft.client.Minecraft.startGame(Minecraft.java:582) [Minecraft.class:?]
	at net.minecraft.client.Minecraft.run(Minecraft.java:931) [Minecraft.class:?]
	at net.minecraft.client.main.Main.main(Main.java:164) [Main.class:?]
	at sun.reflect.NativeMethodAccessorImpl.invoke0(Native Method) ~[?:1.7.0_17]
	at sun.reflect.NativeMethodAccessorImpl.invoke(NativeMethodAccessorImpl.java:57) ~[?:1.7.0_17]
	at sun.reflect.DelegatingMethodAccessorImpl.invoke(DelegatingMethodAccessorImpl.java:43) ~[?:1.7.0_17]
	at java.lang.reflect.Method.invoke(Method.java:601) ~[?:1.7.0_17]
	at net.minecraft.launchwrapper.Launch.launch(Launch.java:135) [launchwrapper-1.11.jar:?]
	at net.minecraft.launchwrapper.Launch.main(Launch.java:28) [launchwrapper-1.11.jar:?]
	at net.minecraftforge.gradle.GradleStartCommon.launch(GradleStartCommon.java:78) [start/:?]
	at GradleStart.main(GradleStart.java:45) [start/:?]
[22:34:05] [Client thread/INFO]: Created: 512x256 textures/blocks-atlas
[22:34:05] [Client thread/INFO]: Created: 256x256 textures/items-atlas
[22:34:05] [Client thread/INFO]: Reloading ResourceManager: Default, FMLFileResourcePack:Forge Mod Loader, FMLFileResourcePack:Minecraft Forge, FMLFileResourcePack:Reality
[22:34:05] [Client thread/INFO]: Created: 256x256 textures/items-atlas
[22:34:05] [Client thread/ERROR]: Using missing texture, unable to load reality:textures/blocks/tile.block_pure_gold.png
java.io.FileNotFoundException: reality:textures/blocks/tile.block_pure_gold.png
	at net.minecraft.client.resources.FallbackResourceManager.getResource(FallbackResourceManager.java:65) ~[FallbackResourceManager.class:?]
	at net.minecraft.client.resources.SimpleReloadableResourceManager.getResource(SimpleReloadableResourceManager.java:67) ~[SimpleReloadableResourceManager.class:?]
	at net.minecraft.client.renderer.texture.TextureMap.loadTextureAtlas(TextureMap.java:126) [TextureMap.class:?]
	at net.minecraft.client.renderer.texture.TextureMap.loadTexture(TextureMap.java:91) [TextureMap.class:?]
	at net.minecraft.client.renderer.texture.TextureManager.loadTexture(TextureManager.java:89) [TextureManager.class:?]
	at net.minecraft.client.renderer.texture.TextureManager.onResourceManagerReload(TextureManager.java:170) [TextureManager.class:?]
	at net.minecraft.client.resources.SimpleReloadableResourceManager.notifyReloadListeners(SimpleReloadableResourceManager.java:134) [SimpleReloadableResourceManager.class:?]
	at net.minecraft.client.resources.SimpleReloadableResourceManager.reloadResources(SimpleReloadableResourceManager.java:118) [SimpleReloadableResourceManager.class:?]
	at net.minecraft.client.Minecraft.refreshResources(Minecraft.java:643) [Minecraft.class:?]
	at cpw.mods.fml.client.FMLClientHandler.finishMinecraftLoading(FMLClientHandler.java:303) [FMLClientHandler.class:?]
	at net.minecraft.client.Minecraft.startGame(Minecraft.java:586) [Minecraft.class:?]
	at net.minecraft.client.Minecraft.run(Minecraft.java:931) [Minecraft.class:?]
	at net.minecraft.client.main.Main.main(Main.java:164) [Main.class:?]
	at sun.reflect.NativeMethodAccessorImpl.invoke0(Native Method) ~[?:1.7.0_17]
	at sun.reflect.NativeMethodAccessorImpl.invoke(NativeMethodAccessorImpl.java:57) ~[?:1.7.0_17]
	at sun.reflect.DelegatingMethodAccessorImpl.invoke(DelegatingMethodAccessorImpl.java:43) ~[?:1.7.0_17]
	at java.lang.reflect.Method.invoke(Method.java:601) ~[?:1.7.0_17]
	at net.minecraft.launchwrapper.Launch.launch(Launch.java:135) [launchwrapper-1.11.jar:?]
	at net.minecraft.launchwrapper.Launch.main(Launch.java:28) [launchwrapper-1.11.jar:?]
	at net.minecraftforge.gradle.GradleStartCommon.launch(GradleStartCommon.java:78) [start/:?]
	at GradleStart.main(GradleStart.java:45) [start/:?]
[22:34:06] [Client thread/INFO]: Created: 512x256 textures/blocks-atlas
[22:34:06] [Sound Library Loader/INFO]: Sound engine started
[22:34:10] [Server thread/INFO]: Starting integrated minecraft server version 1.7.10
[22:34:10] [Server thread/INFO]: Generating keypair
[22:34:11] [Server thread/INFO]: Preparing start region for level 0
[22:34:12] [Server thread/INFO]: Changing view distance to 12, from 10
[22:34:13] [Server thread/INFO]: Player453[local:E:c7572250] logged in with entity id 250 at (-340.0448003367633, 5.001335979112147, 770.6999999880791)
[22:34:13] [Server thread/INFO]: Player453 joined the game
[22:34:17] [Server thread/WARN]: Can't keep up! Did the system time change, or is the server overloaded? Running 2294ms behind, skipping 45 tick(s)
[22:34:18] [Server thread/INFO]: Player453 has just earned the achievement [Taking Inventory]
[22:34:18] [Client thread/INFO]: [CHAT] Player453 has just earned the achievement [Taking Inventory]
[22:40:54] [Server thread/INFO]: Saving and pausing game...
[22:40:54] [Server thread/INFO]: Saving chunks for level 'New World'/Overworld
[22:40:54] [Server thread/INFO]: Saving chunks for level 'New World'/Nether
[22:40:54] [Server thread/INFO]: Saving chunks for level 'New World'/The End
[22:40:54] [Server thread/INFO]: Stopping server
[22:40:54] [Server thread/INFO]: Saving players
[22:40:54] [Server thread/INFO]: Saving worlds
[22:40:54] [Server thread/INFO]: Saving chunks for level 'New World'/Overworld
[22:40:55] [Server thread/INFO]: Saving chunks for level 'New World'/Nether
[22:40:55] [Server thread/INFO]: Saving chunks for level 'New World'/The End
[22:40:56] [Client thread/INFO]: Stopping!
